<?xml version="1.0" encoding="UTF-8"?>
<coverage generated="1725872978383" clover="3.2.0">
  <project timestamp="1725872978383" name="All files">
    <metrics statements="26" coveredstatements="23" conditionals="22" coveredconditionals="14" methods="11" coveredmethods="9" elements="59" coveredelements="46" complexity="0" loc="26" ncloc="26" packages="4" files="8" classes="8"/>
    <package name="components">
      <metrics statements="16" coveredstatements="14" conditionals="18" coveredconditionals="12" methods="9" coveredmethods="7"/>
      <file name="CarList.jsx" path="/Users/toyota_macbook/Documents/ExternalTraining/BinarXSdi/session2/ReactNativeLearning/expoProject/car-rental-expo/components/CarList.jsx">
        <metrics statements="4" coveredstatements="4" conditionals="0" coveredconditionals="0" methods="2" coveredmethods="2"/>
        <line num="6" count="1" type="stmt"/>
        <line num="7" count="1" type="stmt"/>
        <line num="22" count="1" type="stmt"/>
        <line num="54" count="1" type="stmt"/>
      </file>
      <file name="FooterPayment1.jsx" path="/Users/toyota_macbook/Documents/ExternalTraining/BinarXSdi/session2/ReactNativeLearning/expoProject/car-rental-expo/components/FooterPayment1.jsx">
        <metrics statements="3" coveredstatements="2" conditionals="2" coveredconditionals="1" methods="2" coveredmethods="1"/>
        <line num="14" count="1" type="stmt"/>
        <line num="45" count="0" type="stmt"/>
        <line num="56" count="1" type="stmt"/>
      </file>
      <file name="Grid.jsx" path="/Users/toyota_macbook/Documents/ExternalTraining/BinarXSdi/session2/ReactNativeLearning/expoProject/car-rental-expo/components/Grid.jsx">
        <metrics statements="4" coveredstatements="3" conditionals="5" coveredconditionals="5" methods="3" coveredmethods="2"/>
        <line num="5" count="0" type="stmt"/>
        <line num="9" count="4" type="stmt"/>
        <line num="25" count="6" type="stmt"/>
        <line num="28" count="2" type="stmt"/>
      </file>
      <file name="ThemedText.tsx" path="/Users/toyota_macbook/Documents/ExternalTraining/BinarXSdi/session2/ReactNativeLearning/expoProject/car-rental-expo/components/ThemedText.tsx">
        <metrics statements="3" coveredstatements="3" conditionals="11" coveredconditionals="6" methods="1" coveredmethods="1"/>
        <line num="18" count="3" type="stmt"/>
        <line num="20" count="3" type="stmt"/>
        <line num="36" count="2" type="stmt"/>
      </file>
      <file name="ThemedView.tsx" path="/Users/toyota_macbook/Documents/ExternalTraining/BinarXSdi/session2/ReactNativeLearning/expoProject/car-rental-expo/components/ThemedView.tsx">
        <metrics statements="2" coveredstatements="2" conditionals="0" coveredconditionals="0" methods="1" coveredmethods="1"/>
        <line num="11" count="1" type="stmt"/>
        <line num="13" count="1" type="stmt"/>
      </file>
    </package>
    <package name="constants">
      <metrics statements="3" coveredstatements="3" conditionals="0" coveredconditionals="0" methods="0" coveredmethods="0"/>
      <file name="Colors.ts" path="/Users/toyota_macbook/Documents/ExternalTraining/BinarXSdi/session2/ReactNativeLearning/expoProject/car-rental-expo/constants/Colors.ts">
        <metrics statements="3" coveredstatements="3" conditionals="0" coveredconditionals="0" methods="0" coveredmethods="0"/>
        <line num="6" count="2" type="stmt"/>
        <line num="7" count="2" type="stmt"/>
        <line num="9" count="2" type="stmt"/>
      </file>
    </package>
    <package name="hooks">
      <metrics statements="5" coveredstatements="4" conditionals="4" coveredconditionals="2" methods="1" coveredmethods="1"/>
      <file name="useThemeColor.ts" path="/Users/toyota_macbook/Documents/ExternalTraining/BinarXSdi/session2/ReactNativeLearning/expoProject/car-rental-expo/hooks/useThemeColor.ts">
        <metrics statements="5" coveredstatements="4" conditionals="4" coveredconditionals="2" methods="1" coveredmethods="1"/>
        <line num="14" count="4" type="cond" truecount="1" falsecount="1"/>
        <line num="15" count="4" type="stmt"/>
        <line num="17" count="4" type="cond" truecount="1" falsecount="1"/>
        <line num="18" count="0" type="stmt"/>
        <line num="20" count="4" type="stmt"/>
      </file>
    </package>
    <package name="utils">
      <metrics statements="2" coveredstatements="2" conditionals="0" coveredconditionals="0" methods="1" coveredmethods="1"/>
      <file name="formatCurrency.js" path="/Users/toyota_macbook/Documents/ExternalTraining/BinarXSdi/session2/ReactNativeLearning/expoProject/car-rental-expo/utils/formatCurrency.js">
        <metrics statements="2" coveredstatements="2" conditionals="0" coveredconditionals="0" methods="1" coveredmethods="1"/>
        <line num="1" count="1" type="stmt"/>
        <line num="2" count="1" type="stmt"/>
      </file>
    </package>
  </project>
</coverage>
