{"/Users/toyota_macbook/Documents/ExternalTraining/BinarXSdi/session2/ReactNativeLearning/expoProject/car-rental-expo/components/CarList.jsx": {"path":"/Users/toyota_macbook/Documents/ExternalTraining/BinarXSdi/session2/ReactNativeLearning/expoProject/car-rental-expo/components/CarList.jsx","statementMap":{"0":{"start":{"line":6,"column":23},"end":{"line":11,"column":1}},"1":{"start":{"line":7,"column":2},"end":{"line":10,"column":20}},"2":{"start":{"line":22,"column":2},"end":{"line":51,"column":4}},"3":{"start":{"line":54,"column":15},"end":{"line":92,"column":2}}},"fnMap":{"0":{"name":"(anonymous_0)","decl":{"start":{"line":6,"column":23},"end":{"line":6,"column":24}},"loc":{"start":{"line":6,"column":35},"end":{"line":11,"column":1}},"line":6},"1":{"name":"CarList","decl":{"start":{"line":13,"column":24},"end":{"line":13,"column":31}},"loc":{"start":{"line":21,"column":3},"end":{"line":52,"column":1}},"line":21}},"branchMap":{},"s":{"0":1,"1":1,"2":1,"3":1},"f":{"0":1,"1":1},"b":{},"_coverageSchema":"1a1c01bbd47fc00a2c39e90264f33305004495a9","hash":"ead8ce189c5e687df95cd345479ea5a68dc0f28b"}
,"/Users/toyota_macbook/Documents/ExternalTraining/BinarXSdi/session2/ReactNativeLearning/expoProject/car-rental-expo/components/FooterPayment1.jsx": {"path":"/Users/toyota_macbook/Documents/ExternalTraining/BinarXSdi/session2/ReactNativeLearning/expoProject/car-rental-expo/components/FooterPayment1.jsx","statementMap":{"0":{"start":{"line":14,"column":2},"end":{"line":53,"column":4}},"1":{"start":{"line":45,"column":29},"end":{"line":45,"column":43}},"2":{"start":{"line":56,"column":15},"end":{"line":76,"column":2}}},"fnMap":{"0":{"name":"FooterPayment1","decl":{"start":{"line":9,"column":24},"end":{"line":9,"column":38}},"loc":{"start":{"line":13,"column":3},"end":{"line":54,"column":1}},"line":13},"1":{"name":"(anonymous_1)","decl":{"start":{"line":45,"column":23},"end":{"line":45,"column":24}},"loc":{"start":{"line":45,"column":29},"end":{"line":45,"column":43}},"line":45}},"branchMap":{"0":{"loc":{"start":{"line":32,"column":11},"end":{"line":49,"column":11}},"type":"cond-expr","locations":[{"start":{"line":33,"column":12},"end":{"line":41,"column":31}},{"start":{"line":43,"column":12},"end":{"line":48,"column":31}}],"line":32}},"s":{"0":1,"1":0,"2":1},"f":{"0":1,"1":0},"b":{"0":[0,1]},"_coverageSchema":"1a1c01bbd47fc00a2c39e90264f33305004495a9","hash":"cc77e9d104ef4a0feeac7e991cc55c04e6c1e91f"}
,"/Users/toyota_macbook/Documents/ExternalTraining/BinarXSdi/session2/ReactNativeLearning/expoProject/car-rental-expo/components/Grid.jsx": {"path":"/Users/toyota_macbook/Documents/ExternalTraining/BinarXSdi/session2/ReactNativeLearning/expoProject/car-rental-expo/components/Grid.jsx","statementMap":{"0":{"start":{"line":5,"column":2},"end":{"line":5,"column":72}},"1":{"start":{"line":9,"column":2},"end":{"line":21,"column":4}},"2":{"start":{"line":25,"column":2},"end":{"line":25,"column":47}},"3":{"start":{"line":28,"column":15},"end":{"line":35,"column":2}}},"fnMap":{"0":{"name":"Container","decl":{"start":{"line":4,"column":16},"end":{"line":4,"column":25}},"loc":{"start":{"line":4,"column":47},"end":{"line":6,"column":1}},"line":4},"1":{"name":"Row","decl":{"start":{"line":8,"column":16},"end":{"line":8,"column":19}},"loc":{"start":{"line":8,"column":78},"end":{"line":22,"column":1}},"line":8},"2":{"name":"Col","decl":{"start":{"line":24,"column":16},"end":{"line":24,"column":19}},"loc":{"start":{"line":24,"column":41},"end":{"line":26,"column":1}},"line":24}},"branchMap":{"0":{"loc":{"start":{"line":8,"column":50},"end":{"line":8,"column":57}},"type":"default-arg","locations":[{"start":{"line":8,"column":56},"end":{"line":8,"column":57}}],"line":8},"1":{"loc":{"start":{"line":13,"column":20},"end":{"line":13,"column":56}},"type":"cond-expr","locations":[{"start":{"line":13,"column":33},"end":{"line":13,"column":43}},{"start":{"line":13,"column":46},"end":{"line":13,"column":56}}],"line":13},"2":{"loc":{"start":{"line":14,"column":24},"end":{"line":14,"column":70}},"type":"cond-expr","locations":[{"start":{"line":14,"column":41},"end":{"line":14,"column":55}},{"start":{"line":14,"column":58},"end":{"line":14,"column":70}}],"line":14}},"s":{"0":0,"1":4,"2":6,"3":2},"f":{"0":0,"1":4,"2":6},"b":{"0":[3],"1":[1,3],"2":[1,3]},"_coverageSchema":"1a1c01bbd47fc00a2c39e90264f33305004495a9","hash":"1e100b59a792021fc7f47b0a14d5eab9c137f4e2"}
,"/Users/toyota_macbook/Documents/ExternalTraining/BinarXSdi/session2/ReactNativeLearning/expoProject/car-rental-expo/components/ThemedText.tsx": {"path":"/Users/toyota_macbook/Documents/ExternalTraining/BinarXSdi/session2/ReactNativeLearning/expoProject/car-rental-expo/components/ThemedText.tsx","statementMap":{"0":{"start":{"line":18,"column":16},"end":{"line":18,"column":77}},"1":{"start":{"line":20,"column":2},"end":{"line":33,"column":4}},"2":{"start":{"line":36,"column":15},"end":{"line":60,"column":2}}},"fnMap":{"0":{"name":"ThemedText","decl":{"start":{"line":11,"column":16},"end":{"line":11,"column":26}},"loc":{"start":{"line":17,"column":20},"end":{"line":34,"column":1}},"line":17}},"branchMap":{"0":{"loc":{"start":{"line":15,"column":2},"end":{"line":15,"column":18}},"type":"default-arg","locations":[{"start":{"line":15,"column":9},"end":{"line":15,"column":18}}],"line":15},"1":{"loc":{"start":{"line":24,"column":8},"end":{"line":24,"column":55}},"type":"cond-expr","locations":[{"start":{"line":24,"column":29},"end":{"line":24,"column":43}},{"start":{"line":24,"column":46},"end":{"line":24,"column":55}}],"line":24},"2":{"loc":{"start":{"line":25,"column":8},"end":{"line":25,"column":51}},"type":"cond-expr","locations":[{"start":{"line":25,"column":27},"end":{"line":25,"column":39}},{"start":{"line":25,"column":42},"end":{"line":25,"column":51}}],"line":25},"3":{"loc":{"start":{"line":26,"column":8},"end":{"line":26,"column":71}},"type":"cond-expr","locations":[{"start":{"line":26,"column":37},"end":{"line":26,"column":59}},{"start":{"line":26,"column":62},"end":{"line":26,"column":71}}],"line":26},"4":{"loc":{"start":{"line":27,"column":8},"end":{"line":27,"column":57}},"type":"cond-expr","locations":[{"start":{"line":27,"column":30},"end":{"line":27,"column":45}},{"start":{"line":27,"column":48},"end":{"line":27,"column":57}}],"line":27},"5":{"loc":{"start":{"line":28,"column":8},"end":{"line":28,"column":49}},"type":"cond-expr","locations":[{"start":{"line":28,"column":26},"end":{"line":28,"column":37}},{"start":{"line":28,"column":40},"end":{"line":28,"column":49}}],"line":28}},"s":{"0":3,"1":3,"2":2},"f":{"0":3},"b":{"0":[3],"1":[3,0],"2":[0,3],"3":[0,3],"4":[0,3],"5":[0,3]},"_coverageSchema":"1a1c01bbd47fc00a2c39e90264f33305004495a9","hash":"7b98e6009ac7bb152749ef9e3928bd4dc740556d"}
,"/Users/toyota_macbook/Documents/ExternalTraining/BinarXSdi/session2/ReactNativeLearning/expoProject/car-rental-expo/components/ThemedView.tsx": {"path":"/Users/toyota_macbook/Documents/ExternalTraining/BinarXSdi/session2/ReactNativeLearning/expoProject/car-rental-expo/components/ThemedView.tsx","statementMap":{"0":{"start":{"line":11,"column":26},"end":{"line":11,"column":93}},"1":{"start":{"line":13,"column":2},"end":{"line":13,"column":71}}},"fnMap":{"0":{"name":"ThemedView","decl":{"start":{"line":10,"column":16},"end":{"line":10,"column":26}},"loc":{"start":{"line":10,"column":93},"end":{"line":14,"column":1}},"line":10}},"branchMap":{},"s":{"0":1,"1":1},"f":{"0":1},"b":{},"_coverageSchema":"1a1c01bbd47fc00a2c39e90264f33305004495a9","hash":"1a4cfd97a83d18c69f8c52c1c536d8980a7e6278"}
,"/Users/toyota_macbook/Documents/ExternalTraining/BinarXSdi/session2/ReactNativeLearning/expoProject/car-rental-expo/constants/Colors.ts": {"path":"/Users/toyota_macbook/Documents/ExternalTraining/BinarXSdi/session2/ReactNativeLearning/expoProject/car-rental-expo/constants/Colors.ts","statementMap":{"0":{"start":{"line":6,"column":23},"end":{"line":6,"column":32}},"1":{"start":{"line":7,"column":22},"end":{"line":7,"column":28}},"2":{"start":{"line":9,"column":22},"end":{"line":34,"column":1}}},"fnMap":{},"branchMap":{},"s":{"0":2,"1":2,"2":2},"f":{},"b":{},"_coverageSchema":"1a1c01bbd47fc00a2c39e90264f33305004495a9","hash":"9c2b971d3348bc86d06db5e0501bd8031a72a952"}
,"/Users/toyota_macbook/Documents/ExternalTraining/BinarXSdi/session2/ReactNativeLearning/expoProject/car-rental-expo/hooks/useThemeColor.ts": {"path":"/Users/toyota_macbook/Documents/ExternalTraining/BinarXSdi/session2/ReactNativeLearning/expoProject/car-rental-expo/hooks/useThemeColor.ts","statementMap":{"0":{"start":{"line":14,"column":16},"end":{"line":14,"column":43}},"1":{"start":{"line":15,"column":25},"end":{"line":15,"column":37}},"2":{"start":{"line":17,"column":2},"end":{"line":21,"column":3}},"3":{"start":{"line":18,"column":4},"end":{"line":18,"column":26}},"4":{"start":{"line":20,"column":4},"end":{"line":20,"column":36}}},"fnMap":{"0":{"name":"useThemeColor","decl":{"start":{"line":10,"column":16},"end":{"line":10,"column":29}},"loc":{"start":{"line":13,"column":2},"end":{"line":22,"column":1}},"line":13}},"branchMap":{"0":{"loc":{"start":{"line":14,"column":16},"end":{"line":14,"column":43}},"type":"binary-expr","locations":[{"start":{"line":14,"column":16},"end":{"line":14,"column":32}},{"start":{"line":14,"column":36},"end":{"line":14,"column":43}}],"line":14},"1":{"loc":{"start":{"line":17,"column":2},"end":{"line":21,"column":3}},"type":"if","locations":[{"start":{"line":17,"column":2},"end":{"line":21,"column":3}},{"start":{"line":19,"column":9},"end":{"line":21,"column":3}}],"line":17}},"s":{"0":4,"1":4,"2":4,"3":0,"4":4},"f":{"0":4},"b":{"0":[4,0],"1":[0,4]},"_coverageSchema":"1a1c01bbd47fc00a2c39e90264f33305004495a9","hash":"2ff60b9e6cd0ff585ebcc513931dce9442771bd5"}
,"/Users/toyota_macbook/Documents/ExternalTraining/BinarXSdi/session2/ReactNativeLearning/expoProject/car-rental-expo/utils/formatCurrency.js": {"path":"/Users/toyota_macbook/Documents/ExternalTraining/BinarXSdi/session2/ReactNativeLearning/expoProject/car-rental-expo/utils/formatCurrency.js","statementMap":{"0":{"start":{"line":1,"column":23},"end":{"line":7,"column":1}},"1":{"start":{"line":2,"column":4},"end":{"line":6,"column":22}}},"fnMap":{"0":{"name":"(anonymous_0)","decl":{"start":{"line":1,"column":23},"end":{"line":1,"column":24}},"loc":{"start":{"line":1,"column":35},"end":{"line":7,"column":1}},"line":1}},"branchMap":{},"s":{"0":1,"1":1},"f":{"0":1},"b":{},"_coverageSchema":"1a1c01bbd47fc00a2c39e90264f33305004495a9","hash":"64abe346dab74a11acf70431d94b9923a432af7c"}
}
