TN:
SF:components/CarList.jsx
FN:6,(anonymous_0)
FN:13,CarList
FNF:2
FNH:2
FNDA:1,(anonymous_0)
FNDA:1,CarList
DA:6,1
DA:7,1
DA:22,1
DA:54,1
LF:4
LH:4
BRF:0
BRH:0
end_of_record
TN:
SF:components/FooterPayment1.jsx
FN:9,FooterPayment1
FN:45,(anonymous_1)
FNF:2
FNH:1
FNDA:1,FooterPayment1
FNDA:0,(anonymous_1)
DA:14,1
DA:45,0
DA:56,1
LF:3
LH:2
BRDA:32,0,0,0
BRDA:32,0,1,1
BRF:2
BRH:1
end_of_record
TN:
SF:components/Grid.jsx
FN:4,Container
FN:8,Row
FN:24,Col
FNF:3
FNH:2
FNDA:0,Container
FNDA:4,Row
FNDA:6,Col
DA:5,0
DA:9,4
DA:25,6
DA:28,2
LF:4
LH:3
BRDA:8,0,0,3
BRDA:13,1,0,1
BRDA:13,1,1,3
BRDA:14,2,0,1
BRDA:14,2,1,3
BRF:5
BRH:5
end_of_record
TN:
SF:components/ThemedText.tsx
FN:11,ThemedText
FNF:1
FNH:1
FNDA:3,ThemedText
DA:18,3
DA:20,3
DA:36,2
LF:3
LH:3
BRDA:15,0,0,3
BRDA:24,1,0,3
BRDA:24,1,1,0
BRDA:25,2,0,0
BRDA:25,2,1,3
BRDA:26,3,0,0
BRDA:26,3,1,3
BRDA:27,4,0,0
BRDA:27,4,1,3
BRDA:28,5,0,0
BRDA:28,5,1,3
BRF:11
BRH:6
end_of_record
TN:
SF:components/ThemedView.tsx
FN:10,ThemedView
FNF:1
FNH:1
FNDA:1,ThemedView
DA:11,1
DA:13,1
LF:2
LH:2
BRF:0
BRH:0
end_of_record
TN:
SF:constants/Colors.ts
FNF:0
FNH:0
DA:6,2
DA:7,2
DA:9,2
LF:3
LH:3
BRF:0
BRH:0
end_of_record
TN:
SF:hooks/useThemeColor.ts
FN:10,useThemeColor
FNF:1
FNH:1
FNDA:4,useThemeColor
DA:14,4
DA:15,4
DA:17,4
DA:18,0
DA:20,4
LF:5
LH:4
BRDA:14,0,0,4
BRDA:14,0,1,0
BRDA:17,1,0,0
BRDA:17,1,1,4
BRF:4
BRH:2
end_of_record
TN:
SF:utils/formatCurrency.js
FN:1,(anonymous_0)
FNF:1
FNH:1
FNDA:1,(anonymous_0)
DA:1,1
DA:2,1
LF:2
LH:2
BRF:0
BRH:0
end_of_record
